<?xml version="1.0" encoding="utf-8"?><testsuites name="pytest tests"><testsuite name="pytest" errors="0" failures="0" skipped="0" tests="9" time="7.334" timestamp="2026-05-25T20:46:43.656399+00:00" hostname="agent-env-2d39f9bd-7694-429e-8ed0-79c53c3ea2d1"><testcase classname="backend.tests.backend_test.TestHealth" name="test_root_ok" time="0.360" /><testcase classname="backend.tests.backend_test.TestChat" name="test_chat_basic" time="4.428" /><testcase classname="backend.tests.backend_test.TestChat" name="test_chat_continues_session" time="2.041" /><testcase classname="backend.tests.backend_test.TestChat" name="test_chat_invalid_body" time="0.100" /><testcase classname="backend.tests.backend_test.TestContact" name="test_contact_count_baseline" time="0.053" /><testcase classname="backend.tests.backend_test.TestContact" name="test_contact_valid_submission" time="0.054" /><testcase classname="backend.tests.backend_test.TestContact" name="test_contact_count_increments" time="0.068" /><testcase classname="backend.tests.backend_test.TestContact" name="test_contact_invalid_email" time="0.052" /><testcase classname="backend.tests.backend_test.TestContact" name="test_contact_missing_fields" time="0.047" /></testsuite></testsuites>